[24May2025 00:00:31.187] [Server thread/INFO] [net.minecraft.server.MinecraftServer/]: EliseoPlays908 has made the advancement [Acquire Hardware]
[24May2025 00:03:35.041] [Server thread/INFO] [net.minecraft.server.MinecraftServer/]: [Not Secure] <ugotry778> ZZZZZZZZZZZZZZZZZZ
[24May2025 00:04:50.317] [Server thread/INFO] [net.minecraft.server.network.ServerGamePacketListenerImpl/]: EliseoPlays908 lost connection: Disconnected
[24May2025 00:04:50.318] [Server thread/INFO] [net.minecraft.server.MinecraftServer/]: EliseoPlays908 left the game
[24May2025 00:04:55.949] [Server thread/INFO] [net.minecraft.server.players.PlayerList/]: EliseoPlays908[/127.227.101.24:35735] logged in with entity id 8564 at (46.0109121699375, 68.0, -797.9306390229318)
[24May2025 00:04:55.960] [Server thread/INFO] [net.minecraft.server.MinecraftServer/]: EliseoPlays908 joined the game
[24May2025 00:05:49.727] [Server thread/WARN] [net.minecraft.server.level.ServerPlayerGameMode/]: Mismatch in destroy block pos: BlockPos{x=37, y=64, z=-982} BlockPos{x=38, y=62, z=-982}
[24May2025 00:06:18.414] [Server thread/INFO] [net.minecraft.server.MinecraftServer/]: [Not Secure] * ugotry778 se golpeo muy fuerte
[24May2025 00:06:47.465] [Server thread/WARN] [net.minecraft.server.level.ServerPlayerGameMode/]: Mismatch in destroy block pos: BlockPos{x=-110, y=68, z=-1016} BlockPos{x=-110, y=66, z=-1017}
[24May2025 00:06:47.466] [Server thread/WARN] [net.minecraft.server.level.ServerPlayerGameMode/]: Mismatch in destroy block pos: BlockPos{x=-110, y=68, z=-1017} BlockPos{x=-111, y=66, z=-1018}
[24May2025 00:06:47.766] [Server thread/WARN] [net.minecraft.server.level.ServerPlayerGameMode/]: Mismatch in destroy block pos: BlockPos{x=-112, y=66, z=-1019} BlockPos{x=-111, y=66, z=-1019}
[24May2025 00:06:47.767] [Server thread/WARN] [net.minecraft.server.level.ServerPlayerGameMode/]: Mismatch in destroy block pos: BlockPos{x=-112, y=66, z=-1019} BlockPos{x=-111, y=66, z=-1019}
[24May2025 00:06:47.769] [Server thread/WARN] [net.minecraft.server.level.ServerPlayerGameMode/]: Mismatch in destroy block pos: BlockPos{x=-113, y=68, z=-1019} BlockPos{x=-114, y=66, z=-1019}
[24May2025 00:06:47.773] [Server thread/WARN] [net.minecraft.server.level.ServerPlayerGameMode/]: Mismatch in destroy block pos: BlockPos{x=-114, y=68, z=-1019} BlockPos{x=-115, y=66, z=-1020}
[24May2025 00:07:26.510] [Server thread/INFO] [net.minecraft.server.MinecraftServer/]: EliseoPlays908 has made the advancement [Hot Stuff]
[24May2025 00:25:12.336] [Server thread/INFO] [net.minecraft.server.MinecraftServer/]: ugotry778 has made the advancement [A Seedy Place]
[24May2025 00:26:13.040] [Server thread/INFO] [net.minecraft.server.MinecraftServer/]: [Not Secure] <EliseoPlays908> zzzzzzzz
[24May2025 00:26:16.072] [Server thread/INFO] [net.minecraft.server.MinecraftServer/]: [Not Secure] <EliseoPlays908> -zzzzzzzzzzzzzzzzzzzzzzz
[24May2025 00:26:19.782] [Server thread/INFO] [net.minecraft.server.MinecraftServer/]: [Not Secure] <EliseoPlays908> t
[24May2025 00:26:29.315] [Server thread/INFO] [net.minecraft.server.MinecraftServer/]: [Not Secure] <EliseoPlays908> zzzzzzzzzzzzz
[24May2025 00:26:31.204] [Server thread/INFO] [net.minecraft.server.MinecraftServer/]: [Not Secure] <EliseoPlays908> zzzzzzzzzzzzzzzzzzzzz
[24May2025 00:26:37.440] [Server thread/INFO] [net.minecraft.server.MinecraftServer/]: [Not Secure] <ugotry778> zzzzzzzzzzzzzzzzzzzzzzzzzzzzzzzzzzzzzzzZZZZZZZZZZZzzzzzzzzzZZZZzZZZzZzz
[24May2025 00:28:15.464] [Server thread/INFO] [net.minecraft.server.network.ServerGamePacketListenerImpl/]: ugotry778 lost connection: Disconnected
[24May2025 00:28:15.465] [Server thread/INFO] [net.minecraft.server.MinecraftServer/]: ugotry778 left the game
